Start testing: Sep 26 02:08 PDT
----------------------------------------------------------
1/1 Testing: test_hello
1/1 Test: test_hello
Command: "/home/pluto/demo/build/tests/test_hello"
Directory: /home/pluto/demo/build/tests
"test_hello" start time: Sep 26 02:08 PDT
Output:
----------------------------------------------------------
Running main() from /home/pluto/demo/thirdpart/googletest-1.13.x/googletest/src/gtest_main.cc
[==========] Running 3 tests from 2 test suites.
[----------] Global test environment set-up.
[----------] 1 test from Sum
[ RUN      ] Sum.Sum3
[       OK ] Sum.Sum3 (0 ms)
[----------] 1 test from Sum (0 ms total)

[----------] 2 tests from IsOdd
[ RUN      ] IsOdd.IsOdd3
[       OK ] IsOdd.IsOdd3 (0 ms)
[ RUN      ] IsOdd.IsOdd5
[       OK ] IsOdd.IsOdd5 (0 ms)
[----------] 2 tests from IsOdd (0 ms total)

[----------] Global test environment tear-down
[==========] 3 tests from 2 test suites ran. (0 ms total)
[  PASSED  ] 3 tests.
<end of output>
Test time =   0.00 sec
----------------------------------------------------------
Test Passed.
"test_hello" end time: Sep 26 02:08 PDT
"test_hello" time elapsed: 00:00:00
----------------------------------------------------------

End testing: Sep 26 02:08 PDT
